<?xml version="1.0" encoding="UTF-8"?>
<testsuite xmlns:xsi="http://www.w3.org/2001/XMLSchema-instance" xsi:noNamespaceSchemaLocation="https://maven.apache.org/surefire/maven-surefire-plugin/xsd/surefire-test-report-3.0.xsd" version="3.0" name="org.technical.TaxCalculatorTest" time="0.072" tests="7" errors="0" skipped="0" failures="0">
  <properties>
[...]
</properties>
  <testcase name="testIncomeBetween18And32M" classname="org.technical.TaxCalculatorTest" time="0.03"/>
  <testcase name="testIncomeBelow5M" classname="org.technical.TaxCalculatorTest" time="0.002"/>
  <testcase name="testIncomeBetween10And18M" classname="org.technical.TaxCalculatorTest" time="0.002"/>
  <testcase name="testIncomeBetween52And80M" classname="org.technical.TaxCalculatorTest" time="0.002"/>
  <testcase name="testNegativeIncomeThrowsException" classname="org.technical.TaxCalculatorTest" time="0.003"/>
  <testcase name="testIncomeBetween5And10M" classname="org.technical.TaxCalculatorTest" time="0.001"/>
  <testcase name="testIncomeBetween50And80M" classname="org.technical.TaxCalculatorTest" time="0.001"/>
</testsuite>